# JRE version: OpenJDK Runtime Environment (8.0_275-b01) (build 1.8.0_275-b01)
# Java VM: OpenJDK 64-Bit Server VM (25.275-b01 mixed mode windows-amd64 compressed oops)
Heap:
 PSYoungGen      total 145408K, used 28711K [0x00000000f5580000, 0x0000000100000000, 0x0000000100000000)
  eden space 132608K, 21% used [0x00000000f5580000,0x00000000f7189f30,0x00000000fd700000)
  from space 12800K, 0% used [0x00000000ff380000,0x00000000ff380000,0x0000000100000000)
  to   space 20992K, 0% used [0x00000000fd700000,0x00000000fd700000,0x00000000feb80000)
 ParOldGen       total 198144K, used 36762K [0x00000000e0000000, 0x00000000ec180000, 0x00000000f5580000)
  object space 198144K, 18% used [0x00000000e0000000,0x00000000e23e6990,0x00000000ec180000)
 Metaspace       used 57420K, capacity 60134K, committed 60416K, reserved 1101824K
  class space    used 8060K, capacity 8661K, committed 8704K, reserved 1048576K
GC Heap History (10 events):
Event: 23.542 GC heap before
{Heap before GC invocations=9 (full 2):
 PSYoungGen      total 114688K, used 10115K [0x00000000f5580000, 0x0000000100000000, 0x0000000100000000)
  eden space 102400K, 0% used [0x00000000f5580000,0x00000000f5580000,0x00000000fb980000)
  from space 12288K, 82% used [0x00000000fb980000,0x00000000fc360e90,0x00000000fc580000)
  to   space 12288K, 0% used [0x00000000ff400000,0x00000000ff400000,0x0000000100000000)
 ParOldGen       total 175104K, used 8300K [0x00000000e0000000, 0x00000000eab00000, 0x00000000f5580000)
  object space 175104K, 4% used [0x00000000e0000000,0x00000000e081b008,0x00000000eab00000)
 Metaspace       used 34243K, capacity 35408K, committed 35496K, reserved 1079296K
  class space    used 4790K, capacity 5082K, committed 5120K, reserved 1048576K
Event: 23.618 GC heap after
Heap after GC invocations=9 (full 2):
 PSYoungGen      total 114688K, used 0K [0x00000000f5580000, 0x0000000100000000, 0x0000000100000000)
  eden space 102400K, 0% used [0x00000000f5580000,0x00000000f5580000,0x00000000fb980000)
  from space 12288K, 0% used [0x00000000fb980000,0x00000000fb980000,0x00000000fc580000)
  to   space 12288K, 0% used [0x00000000ff400000,0x00000000ff400000,0x0000000100000000)
 ParOldGen       total 175104K, used 16848K [0x00000000e0000000, 0x00000000eab00000, 0x00000000f5580000)
  object space 175104K, 9% used [0x00000000e0000000,0x00000000e10741c0,0x00000000eab00000)
 Metaspace       used 34243K, capacity 35408K, committed 35496K, reserved 1079296K
  class space    used 4790K, capacity 5082K, committed 5120K, reserved 1048576K
}
Event: 24.927 GC heap before
{Heap before GC invocations=10 (full 2):
 PSYoungGen      total 114688K, used 102399K [0x00000000f5580000, 0x0000000100000000, 0x0000000100000000)
  eden space 102400K, 99% used [0x00000000f5580000,0x00000000fb97ff60,0x00000000fb980000)
  from space 12288K, 0% used [0x00000000fb980000,0x00000000fb980000,0x00000000fc580000)
  to   space 12288K, 0% used [0x00000000ff400000,0x00000000ff400000,0x0000000100000000)
 ParOldGen       total 175104K, used 16848K [0x00000000e0000000, 0x00000000eab00000, 0x00000000f5580000)
  object space 175104K, 9% used [0x00000000e0000000,0x00000000e10741c0,0x00000000eab00000)
 Metaspace       used 37842K, capacity 39612K, committed 39808K, reserved 1083392K
  class space    used 5317K, capacity 5704K, committed 5760K, reserved 1048576K
Event: 24.936 GC heap after
Heap after GC invocations=10 (full 2):
 PSYoungGen      total 161280K, used 6377K [0x00000000f5580000, 0x0000000100000000, 0x0000000100000000)
  eden space 148992K, 0% used [0x00000000f5580000,0x00000000f5580000,0x00000000fe700000)
  from space 12288K, 51% used [0x00000000ff400000,0x00000000ffa3a790,0x0000000100000000)
  to   space 12800K, 0% used [0x00000000fe700000,0x00000000fe700000,0x00000000ff380000)
 ParOldGen       total 175104K, used 16856K [0x00000000e0000000, 0x00000000eab00000, 0x00000000f5580000)
  object space 175104K, 9% used [0x00000000e0000000,0x00000000e10761c0,0x00000000eab00000)
 Metaspace       used 37842K, capacity 39612K, committed 39808K, reserved 1083392K
  class space    used 5317K, capacity 5704K, committed 5760K, reserved 1048576K
}
Event: 30.106 GC heap before
{Heap before GC invocations=11 (full 2):
 PSYoungGen      total 161280K, used 155369K [0x00000000f5580000, 0x0000000100000000, 0x0000000100000000)
  eden space 148992K, 100% used [0x00000000f5580000,0x00000000fe700000,0x00000000fe700000)
  from space 12288K, 51% used [0x00000000ff400000,0x00000000ffa3a790,0x0000000100000000)
  to   space 12800K, 0% used [0x00000000fe700000,0x00000000fe700000,0x00000000ff380000)
 ParOldGen       total 175104K, used 16856K [0x00000000e0000000, 0x00000000eab00000, 0x00000000f5580000)
  object space 175104K, 9% used [0x00000000e0000000,0x00000000e10761c0,0x00000000eab00000)
 Metaspace       used 51509K, capacity 53800K, committed 54016K, reserved 1095680K
  class space    used 7073K, capacity 7584K, committed 7680K, reserved 1048576K
Event: 30.125 GC heap after
Heap after GC invocations=11 (full 2):
 PSYoungGen      total 161792K, used 12789K [0x00000000f5580000, 0x0000000100000000, 0x0000000100000000)
  eden space 148992K, 0% used [0x00000000f5580000,0x00000000f5580000,0x00000000fe700000)
  from space 12800K, 99% used [0x00000000fe700000,0x00000000ff37d550,0x00000000ff380000)
  to   space 12800K, 0% used [0x00000000ff380000,0x00000000ff380000,0x0000000100000000)
 ParOldGen       total 175104K, used 25357K [0x00000000e0000000, 0x00000000eab00000, 0x00000000f5580000)
  object space 175104K, 14% used [0x00000000e0000000,0x00000000e18c35b8,0x00000000eab00000)
 Metaspace       used 51509K, capacity 53800K, committed 54016K, reserved 1095680K
  class space    used 7073K, capacity 7584K, committed 7680K, reserved 1048576K
}
Event: 66.540 GC heap before
{Heap before GC invocations=12 (full 2):
 PSYoungGen      total 161792K, used 99599K [0x00000000f5580000, 0x0000000100000000, 0x0000000100000000)
  eden space 148992K, 58% used [0x00000000f5580000,0x00000000faa467c8,0x00000000fe700000)
  from space 12800K, 99% used [0x00000000fe700000,0x00000000ff37d550,0x00000000ff380000)
  to   space 12800K, 0% used [0x00000000ff380000,0x00000000ff380000,0x0000000100000000)
 ParOldGen       total 175104K, used 25357K [0x00000000e0000000, 0x00000000eab00000, 0x00000000f5580000)
  object space 175104K, 14% used [0x00000000e0000000,0x00000000e18c35b8,0x00000000eab00000)
 Metaspace       used 56314K, capacity 58972K, committed 59136K, reserved 1099776K
  class space    used 7863K, capacity 8446K, committed 8448K, reserved 1048576K
Event: 66.560 GC heap after
Heap after GC invocations=12 (full 2):
 PSYoungGen      total 145408K, used 12772K [0x00000000f5580000, 0x0000000100000000, 0x0000000100000000)
  eden space 132608K, 0% used [0x00000000f5580000,0x00000000f5580000,0x00000000fd700000)
  from space 12800K, 99% used [0x00000000ff380000,0x00000000ffff9288,0x0000000100000000)
  to   space 20992K, 0% used [0x00000000fd700000,0x00000000fd700000,0x00000000feb80000)
 ParOldGen       total 175104K, used 34034K [0x00000000e0000000, 0x00000000eab00000, 0x00000000f5580000)
  object space 175104K, 19% used [0x00000000e0000000,0x00000000e213cba0,0x00000000eab00000)
 Metaspace       used 56314K, capacity 58972K, committed 59136K, reserved 1099776K
  class space    used 7863K, capacity 8446K, committed 8448K, reserved 1048576K
}
Event: 66.560 GC heap before
{Heap before GC invocations=13 (full 3):
 PSYoungGen      total 145408K, used 12772K [0x00000000f5580000, 0x0000000100000000, 0x0000000100000000)
  eden space 132608K, 0% used [0x00000000f5580000,0x00000000f5580000,0x00000000fd700000)
  from space 12800K, 99% used [0x00000000ff380000,0x00000000ffff9288,0x0000000100000000)
  to   space 20992K, 0% used [0x00000000fd700000,0x00000000fd700000,0x00000000feb80000)
 ParOldGen       total 175104K, used 34034K [0x00000000e0000000, 0x00000000eab00000, 0x00000000f5580000)
  object space 175104K, 19% used [0x00000000e0000000,0x00000000e213cba0,0x00000000eab00000)
 Metaspace       used 56314K, capacity 58972K, committed 59136K, reserved 1099776K
  class space    used 7863K, capacity 8446K, committed 8448K, reserved 1048576K
Event: 67.059 GC heap after
Heap after GC invocations=13 (full 3):
 PSYoungGen      total 145408K, used 0K [0x00000000f5580000, 0x0000000100000000, 0x0000000100000000)
  eden space 132608K, 0% used [0x00000000f5580000,0x00000000f5580000,0x00000000fd700000)
  from space 12800K, 0% used [0x00000000ff380000,0x00000000ff380000,0x0000000100000000)
  to   space 20992K, 0% used [0x00000000fd700000,0x00000000fd700000,0x00000000feb80000)
 ParOldGen       total 198144K, used 36762K [0x00000000e0000000, 0x00000000ec180000, 0x00000000f5580000)
  object space 198144K, 18% used [0x00000000e0000000,0x00000000e23e6990,0x00000000ec180000)
 Metaspace       used 56279K, capacity 58858K, committed 59136K, reserved 1099776K
  class space    used 7853K, capacity 8427K, committed 8448K, reserved 1048576K
}

